<?xml version="1.0" encoding="UTF-8"?>
<!-- Generated by org.testng.reporters.JUnitReportReporter -->
<testsuite hostname="LAPTOP-I1QN1L23" failures="0" tests="1" name="rcbtest.team.data" time="0.020" errors="0" timestamp="2022-08-13T21:26:42 IST" skipped="0">
  <testcase classname="rcbtest.team.data" name="data" time="0.020"/>
  <system-out/>
</testsuite> <!-- rcbtest.team.data -->
