<?xml version="1.0" encoding="UTF-8"?>
<!-- Generated by org.testng.reporters.JUnitReportReporter -->
<testsuite hostname="LAPTOP-I1QN1L23" failures="0" tests="2" name="rcbtest.team.TeamRCBTest" time="0.007" errors="0" timestamp="2022-08-14T17:52:30 IST" skipped="0">
  <testcase classname="rcbtest.team.TeamRCBTest" name="ValidateOnly4ForeignPlayers" time="0.006"/>
  <system-out/>
  <testcase classname="rcbtest.team.TeamRCBTest" name="validateAtleast1WicketKeeper" time="0.001"/>
  <system-out/>
</testsuite> <!-- rcbtest.team.TeamRCBTest -->
