<?xml version="1.0" encoding="UTF-8"?>
<!-- Generated by org.testng.reporters.JUnitReportReporter -->
<testsuite hostname="LAPTOP-I1QN1L23" failures="0" tests="2" name="rcbtest.team.TeamRCBTest" time="0.003" errors="0" timestamp="2022-08-14T18:14:12 IST" skipped="0">
  <testcase classname="rcbtest.team.TeamRCBTest" name="ValidateOnly4ForeignPlayers" time="0.003"/>
  <system-out/>
  <testcase classname="rcbtest.team.TeamRCBTest" name="validateAtleast1WicketKeeper" time="0.000"/>
  <system-out/>
</testsuite> <!-- rcbtest.team.TeamRCBTest -->
